# JRE version: Java(TM) SE Runtime Environment (8.0_144-b01) (build 1.8.0_144-b01)
# Java VM: Java HotSpot(TM) 64-Bit Server VM (25.144-b01 mixed mode windows-amd64 compressed oops)
Heap:
 PSYoungGen      total 105984K, used 39110K [0x00000000d5580000, 0x00000000e0300000, 0x0000000100000000)
  eden space 99328K, 39% used [0x00000000d5580000,0x00000000d7bb1938,0x00000000db680000)
  from space 6656K, 0% used [0x00000000db680000,0x00000000db680000,0x00000000dbd00000)
  to   space 14336K, 0% used [0x00000000df500000,0x00000000df500000,0x00000000e0300000)
 ParOldGen       total 68096K, used 21709K [0x0000000080000000, 0x0000000084280000, 0x00000000d5580000)
  object space 68096K, 31% used [0x0000000080000000,0x0000000081533628,0x0000000084280000)
 Metaspace       used 36530K, capacity 36924K, committed 37424K, reserved 1083392K
  class space    used 4473K, capacity 4579K, committed 4656K, reserved 1048576K
GC Heap History (10 events):
Event: 6.011 GC heap before
{Heap before GC invocations=8 (full 2):
 PSYoungGen      total 64000K, used 58880K [0x00000000d5580000, 0x00000000dc480000, 0x0000000100000000)
  eden space 58880K, 100% used [0x00000000d5580000,0x00000000d8f00000,0x00000000d8f00000)
  from space 5120K, 0% used [0x00000000d8f00000,0x00000000d8f00000,0x00000000d9400000)
  to   space 6656K, 0% used [0x00000000dbe00000,0x00000000dbe00000,0x00000000dc480000)
 ParOldGen       total 68096K, used 8226K [0x0000000080000000, 0x0000000084280000, 0x00000000d5580000)
  object space 68096K, 12% used [0x0000000080000000,0x0000000080808bd0,0x0000000084280000)
 Metaspace       used 25847K, capacity 26160K, committed 26288K, reserved 1073152K
  class space    used 3146K, capacity 3247K, committed 3248K, reserved 1048576K
Event: 6.036 GC heap after
Heap after GC invocations=8 (full 2):
 PSYoungGen      total 100864K, used 5332K [0x00000000d5580000, 0x00000000dc380000, 0x0000000100000000)
  eden space 95232K, 0% used [0x00000000d5580000,0x00000000d5580000,0x00000000db280000)
  from space 5632K, 94% used [0x00000000dbe00000,0x00000000dc3353b0,0x00000000dc380000)
  to   space 6656K, 0% used [0x00000000db680000,0x00000000db680000,0x00000000dbd00000)
 ParOldGen       total 68096K, used 8234K [0x0000000080000000, 0x0000000084280000, 0x00000000d5580000)
  object space 68096K, 12% used [0x0000000080000000,0x000000008080abd0,0x0000000084280000)
 Metaspace       used 25847K, capacity 26160K, committed 26288K, reserved 1073152K
  class space    used 3146K, capacity 3247K, committed 3248K, reserved 1048576K
}
Event: 7.078 GC heap before
{Heap before GC invocations=9 (full 2):
 PSYoungGen      total 100864K, used 100564K [0x00000000d5580000, 0x00000000dc380000, 0x0000000100000000)
  eden space 95232K, 100% used [0x00000000d5580000,0x00000000db280000,0x00000000db280000)
  from space 5632K, 94% used [0x00000000dbe00000,0x00000000dc3353b0,0x00000000dc380000)
  to   space 6656K, 0% used [0x00000000db680000,0x00000000db680000,0x00000000dbd00000)
 ParOldGen       total 68096K, used 8234K [0x0000000080000000, 0x0000000084280000, 0x00000000d5580000)
  object space 68096K, 12% used [0x0000000080000000,0x000000008080abd0,0x0000000084280000)
 Metaspace       used 30803K, capacity 31086K, committed 31280K, reserved 1077248K
  class space    used 3772K, capacity 3860K, committed 3888K, reserved 1048576K
Event: 7.090 GC heap after
Heap after GC invocations=9 (full 2):
 PSYoungGen      total 105984K, used 6632K [0x00000000d5580000, 0x00000000dfe00000, 0x0000000100000000)
  eden space 99328K, 0% used [0x00000000d5580000,0x00000000d5580000,0x00000000db680000)
  from space 6656K, 99% used [0x00000000db680000,0x00000000dbcfa220,0x00000000dbd00000)
  to   space 10240K, 0% used [0x00000000df400000,0x00000000df400000,0x00000000dfe00000)
 ParOldGen       total 68096K, used 13710K [0x0000000080000000, 0x0000000084280000, 0x00000000d5580000)
  object space 68096K, 20% used [0x0000000080000000,0x0000000080d63b48,0x0000000084280000)
 Metaspace       used 30803K, capacity 31086K, committed 31280K, reserved 1077248K
  class space    used 3772K, capacity 3860K, committed 3888K, reserved 1048576K
}
Event: 8.670 GC heap before
{Heap before GC invocations=10 (full 2):
 PSYoungGen      total 105984K, used 105960K [0x00000000d5580000, 0x00000000dfe00000, 0x0000000100000000)
  eden space 99328K, 100% used [0x00000000d5580000,0x00000000db680000,0x00000000db680000)
  from space 6656K, 99% used [0x00000000db680000,0x00000000dbcfa220,0x00000000dbd00000)
  to   space 10240K, 0% used [0x00000000df400000,0x00000000df400000,0x00000000dfe00000)
 ParOldGen       total 68096K, used 13710K [0x0000000080000000, 0x0000000084280000, 0x00000000d5580000)
  object space 68096K, 20% used [0x0000000080000000,0x0000000080d63b48,0x0000000084280000)
 Metaspace       used 34214K, capacity 34552K, committed 34864K, reserved 1081344K
  class space    used 4187K, capacity 4283K, committed 4400K, reserved 1048576K
Event: 8.704 GC heap after
Heap after GC invocations=10 (full 2):
 PSYoungGen      total 109568K, used 10233K [0x00000000d5580000, 0x00000000dfe00000, 0x0000000100000000)
  eden space 99328K, 0% used [0x00000000d5580000,0x00000000d5580000,0x00000000db680000)
  from space 10240K, 99% used [0x00000000df400000,0x00000000dfdfe5f8,0x00000000dfe00000)
  to   space 6656K, 0% used [0x00000000db680000,0x00000000db680000,0x00000000dbd00000)
 ParOldGen       total 68096K, used 17274K [0x0000000080000000, 0x0000000084280000, 0x00000000d5580000)
  object space 68096K, 25% used [0x0000000080000000,0x00000000810deb48,0x0000000084280000)
 Metaspace       used 34214K, capacity 34552K, committed 34864K, reserved 1081344K
  class space    used 4187K, capacity 4283K, committed 4400K, reserved 1048576K
}
Event: 8.998 GC heap before
{Heap before GC invocations=11 (full 2):
 PSYoungGen      total 109568K, used 45461K [0x00000000d5580000, 0x00000000dfe00000, 0x0000000100000000)
  eden space 99328K, 35% used [0x00000000d5580000,0x00000000d77e6e30,0x00000000db680000)
  from space 10240K, 99% used [0x00000000df400000,0x00000000dfdfe5f8,0x00000000dfe00000)
  to   space 6656K, 0% used [0x00000000db680000,0x00000000db680000,0x00000000dbd00000)
 ParOldGen       total 68096K, used 17274K [0x0000000080000000, 0x0000000084280000, 0x00000000d5580000)
  object space 68096K, 25% used [0x0000000080000000,0x00000000810deb48,0x0000000084280000)
 Metaspace       used 34921K, capacity 35236K, committed 35496K, reserved 1081344K
  class space    used 4270K, capacity 4381K, committed 4400K, reserved 1048576K
Event: 9.054 GC heap after
Heap after GC invocations=11 (full 2):
 PSYoungGen      total 105984K, used 6640K [0x00000000d5580000, 0x00000000e0300000, 0x0000000100000000)
  eden space 99328K, 0% used [0x00000000d5580000,0x00000000d5580000,0x00000000db680000)
  from space 6656K, 99% used [0x00000000db680000,0x00000000dbcfc010,0x00000000dbd00000)
  to   space 14336K, 0% used [0x00000000df500000,0x00000000df500000,0x00000000e0300000)
 ParOldGen       total 68096K, used 22708K [0x0000000080000000, 0x0000000084280000, 0x00000000d5580000)
  object space 68096K, 33% used [0x0000000080000000,0x000000008162d0c8,0x0000000084280000)
 Metaspace       used 34921K, capacity 35236K, committed 35496K, reserved 1081344K
  class space    used 4270K, capacity 4381K, committed 4400K, reserved 1048576K
}
Event: 9.054 GC heap before
{Heap before GC invocations=12 (full 3):
 PSYoungGen      total 105984K, used 6640K [0x00000000d5580000, 0x00000000e0300000, 0x0000000100000000)
  eden space 99328K, 0% used [0x00000000d5580000,0x00000000d5580000,0x00000000db680000)
  from space 6656K, 99% used [0x00000000db680000,0x00000000dbcfc010,0x00000000dbd00000)
  to   space 14336K, 0% used [0x00000000df500000,0x00000000df500000,0x00000000e0300000)
 ParOldGen       total 68096K, used 22708K [0x0000000080000000, 0x0000000084280000, 0x00000000d5580000)
  object space 68096K, 33% used [0x0000000080000000,0x000000008162d0c8,0x0000000084280000)
 Metaspace       used 34921K, capacity 35236K, committed 35496K, reserved 1081344K
  class space    used 4270K, capacity 4381K, committed 4400K, reserved 1048576K
Event: 9.183 GC heap after
Heap after GC invocations=12 (full 3):
 PSYoungGen      total 105984K, used 0K [0x00000000d5580000, 0x00000000e0300000, 0x0000000100000000)
  eden space 99328K, 0% used [0x00000000d5580000,0x00000000d5580000,0x00000000db680000)
  from space 6656K, 0% used [0x00000000db680000,0x00000000db680000,0x00000000dbd00000)
  to   space 14336K, 0% used [0x00000000df500000,0x00000000df500000,0x00000000e0300000)
 ParOldGen       total 68096K, used 21709K [0x0000000080000000, 0x0000000084280000, 0x00000000d5580000)
  object space 68096K, 31% used [0x0000000080000000,0x0000000081533628,0x0000000084280000)
 Metaspace       used 34921K, capacity 35236K, committed 35496K, reserved 1081344K
  class space    used 4270K, capacity 4381K, committed 4400K, reserved 1048576K
}

